  NewbieAnimation.cpp
  C:\Program Files (x86)\Windows Kits\10\Include\10.0.22621.0\um\dinput.h: DIRECTINPUT_VERSION undefined. Defaulting to version 0x0800
C:\Users\slugg\CPP2409-P\NewbieEngine_Source\NewbieAnimation.cpp(90,19): warning C4244: '인수': 'float'에서 'int'(으)로 변환하면서 데이터가 손실될 수 있습니다.
C:\Users\slugg\CPP2409-P\NewbieEngine_Source\NewbieAnimation.cpp(89,19): warning C4244: '인수': 'float'에서 'int'(으)로 변환하면서 데이터가 손실될 수 있습니다.
C:\Users\slugg\CPP2409-P\NewbieEngine_Source\NewbieAnimation.cpp(88,22): warning C4244: '인수': 'float'에서 'int'(으)로 변환하면서 데이터가 손실될 수 있습니다.
C:\Users\slugg\CPP2409-P\NewbieEngine_Source\NewbieAnimation.cpp(87,22): warning C4244: '인수': 'float'에서 'int'(으)로 변환하면서 데이터가 손실될 수 있습니다.
C:\Users\slugg\CPP2409-P\NewbieEngine_Source\NewbieAnimation.cpp(85,22): warning C4244: '인수': 'float'에서 'int'(으)로 변환하면서 데이터가 손실될 수 있습니다.
C:\Users\slugg\CPP2409-P\NewbieEngine_Source\NewbieAnimation.cpp(84,22): warning C4244: '인수': 'float'에서 'int'(으)로 변환하면서 데이터가 손실될 수 있습니다.
C:\Users\slugg\CPP2409-P\NewbieEngine_Source\NewbieAnimation.cpp(83,39): warning C4244: '인수': 'float'에서 'int'(으)로 변환하면서 데이터가 손실될 수 있습니다.
C:\Users\slugg\CPP2409-P\NewbieEngine_Source\NewbieAnimation.cpp(82,39): warning C4244: '인수': 'float'에서 'int'(으)로 변환하면서 데이터가 손실될 수 있습니다.
C:\Users\slugg\CPP2409-P\NewbieEngine_Source\NewbieAnimation.cpp(104,19): warning C4244: '인수': 'float'에서 'int'(으)로 변환하면서 데이터가 손실될 수 있습니다.
C:\Users\slugg\CPP2409-P\NewbieEngine_Source\NewbieAnimation.cpp(103,19): warning C4244: '인수': 'float'에서 'int'(으)로 변환하면서 데이터가 손실될 수 있습니다.
C:\Users\slugg\CPP2409-P\NewbieEngine_Source\NewbieAnimation.cpp(102,22): warning C4244: '인수': 'float'에서 'int'(으)로 변환하면서 데이터가 손실될 수 있습니다.
C:\Users\slugg\CPP2409-P\NewbieEngine_Source\NewbieAnimation.cpp(101,22): warning C4244: '인수': 'float'에서 'int'(으)로 변환하면서 데이터가 손실될 수 있습니다.
C:\Users\slugg\CPP2409-P\NewbieEngine_Source\NewbieAnimation.cpp(99,22): warning C4244: '인수': 'float'에서 'int'(으)로 변환하면서 데이터가 손실될 수 있습니다.
C:\Users\slugg\CPP2409-P\NewbieEngine_Source\NewbieAnimation.cpp(98,22): warning C4244: '인수': 'float'에서 'int'(으)로 변환하면서 데이터가 손실될 수 있습니다.
C:\Users\slugg\CPP2409-P\NewbieEngine_Source\NewbieAnimation.cpp(97,39): warning C4244: '인수': 'float'에서 'int'(으)로 변환하면서 데이터가 손실될 수 있습니다.
C:\Users\slugg\CPP2409-P\NewbieEngine_Source\NewbieAnimation.cpp(96,39): warning C4244: '인수': 'float'에서 'int'(으)로 변환하면서 데이터가 손실될 수 있습니다.
C:\Users\slugg\CPP2409-P\NewbieEngine_Source\NewbieAnimation.cpp(109,51): warning C4244: '인수': 'float'에서 'int'(으)로 변환하면서 데이터가 손실될 수 있습니다.
C:\Users\slugg\CPP2409-P\NewbieEngine_Source\NewbieAnimation.cpp(109,39): warning C4244: '인수': 'float'에서 'int'(으)로 변환하면서 데이터가 손실될 수 있습니다.
C:\Users\slugg\CPP2409-P\NewbieEngine_Source\NewbieAnimation.cpp(109,29): warning C4244: '인수': 'float'에서 'int'(으)로 변환하면서 데이터가 손실될 수 있습니다.
C:\Users\slugg\CPP2409-P\NewbieEngine_Source\NewbieAnimation.cpp(109,22): warning C4244: '인수': 'float'에서 'int'(으)로 변환하면서 데이터가 손실될 수 있습니다.
C:\Users\slugg\CPP2409-P\NewbieEngine_Source\NewbieAnimation.cpp(136,18): warning C4244: '인수': 'float'에서 'INT'(으)로 변환하면서 데이터가 손실될 수 있습니다.
C:\Users\slugg\CPP2409-P\NewbieEngine_Source\NewbieAnimation.cpp(135,18): warning C4244: '인수': 'float'에서 'INT'(으)로 변환하면서 데이터가 손실될 수 있습니다.
C:\Users\slugg\CPP2409-P\NewbieEngine_Source\NewbieAnimation.cpp(134,21): warning C4244: '인수': 'float'에서 'INT'(으)로 변환하면서 데이터가 손실될 수 있습니다.
C:\Users\slugg\CPP2409-P\NewbieEngine_Source\NewbieAnimation.cpp(133,21): warning C4244: '인수': 'float'에서 'INT'(으)로 변환하면서 데이터가 손실될 수 있습니다.
C:\Users\slugg\CPP2409-P\NewbieEngine_Source\NewbieAnimation.cpp(131,22): warning C4244: '인수': 'float'에서 'INT'(으)로 변환하면서 데이터가 손실될 수 있습니다.
C:\Users\slugg\CPP2409-P\NewbieEngine_Source\NewbieAnimation.cpp(130,22): warning C4244: '인수': 'float'에서 'INT'(으)로 변환하면서 데이터가 손실될 수 있습니다.
C:\Users\slugg\CPP2409-P\NewbieEngine_Source\NewbieAnimation.cpp(129,14): warning C4244: '인수': 'float'에서 'INT'(으)로 변환하면서 데이터가 손실될 수 있습니다.
C:\Users\slugg\CPP2409-P\NewbieEngine_Source\NewbieAnimation.cpp(128,12): warning C4244: '인수': 'float'에서 'INT'(으)로 변환하면서 데이터가 손실될 수 있습니다.
  NewbieApplication.cpp
  C:\Program Files (x86)\Windows Kits\10\Include\10.0.22621.0\um\dinput.h: DIRECTINPUT_VERSION undefined. Defaulting to version 0x0800
C:\Users\slugg\CPP2409-P\NewbieEngine_Source\NewbieApplication.cpp(114,23): warning C4838: 'UINT'에서 'LONG'(으)로의 변환에는 축소 변환이 필요합니다.
C:\Users\slugg\CPP2409-P\NewbieEngine_Source\NewbieApplication.cpp(114,30): warning C4838: 'UINT'에서 'LONG'(으)로의 변환에는 축소 변환이 필요합니다.
  NewbieBoxCollider2D.cpp
  C:\Program Files (x86)\Windows Kits\10\Include\10.0.22621.0\um\dinput.h: DIRECTINPUT_VERSION undefined. Defaulting to version 0x0800
C:\Users\slugg\CPP2409-P\NewbieEngine_Source\NewbieBoxCollider2D.cpp(40,23): warning C4244: '인수': 'float'에서 'int'(으)로 변환하면서 데이터가 손실될 수 있습니다.
C:\Users\slugg\CPP2409-P\NewbieEngine_Source\NewbieBoxCollider2D.cpp(39,23): warning C4244: '인수': 'float'에서 'int'(으)로 변환하면서 데이터가 손실될 수 있습니다.
C:\Users\slugg\CPP2409-P\NewbieEngine_Source\NewbieBoxCollider2D.cpp(38,12): warning C4244: '인수': 'float'에서 'int'(으)로 변환하면서 데이터가 손실될 수 있습니다.
C:\Users\slugg\CPP2409-P\NewbieEngine_Source\NewbieBoxCollider2D.cpp(37,24): warning C4244: '인수': 'float'에서 'int'(으)로 변환하면서 데이터가 손실될 수 있습니다.
  NewbieCamera.cpp
  C:\Program Files (x86)\Windows Kits\10\Include\10.0.22621.0\um\dinput.h: DIRECTINPUT_VERSION undefined. Defaulting to version 0x0800
C:\Users\slugg\CPP2409-P\NewbieEngine_Source\NewbieCamera.cpp(27,39): warning C4244: '=': 'UINT'에서 'float'(으)로 변환하면서 데이터가 손실될 수 있습니다.
C:\Users\slugg\CPP2409-P\NewbieEngine_Source\NewbieCamera.cpp(28,40): warning C4244: '=': 'UINT'에서 'float'(으)로 변환하면서 데이터가 손실될 수 있습니다.
  NewbieCircleCollider2D.cpp
  C:\Program Files (x86)\Windows Kits\10\Include\10.0.22621.0\um\dinput.h: DIRECTINPUT_VERSION undefined. Defaulting to version 0x0800
  NewbieCollider.cpp
  C:\Program Files (x86)\Windows Kits\10\Include\10.0.22621.0\um\dinput.h: DIRECTINPUT_VERSION undefined. Defaulting to version 0x0800
  NewbieColliderManager.cpp
  C:\Program Files (x86)\Windows Kits\10\Include\10.0.22621.0\um\dinput.h: DIRECTINPUT_VERSION undefined. Defaulting to version 0x0800
  NewbieGameObject.cpp
  C:\Program Files (x86)\Windows Kits\10\Include\10.0.22621.0\um\dinput.h: DIRECTINPUT_VERSION undefined. Defaulting to version 0x0800
  NewbieInput.cpp
  C:\Program Files (x86)\Windows Kits\10\Include\10.0.22621.0\um\dinput.h: DIRECTINPUT_VERSION undefined. Defaulting to version 0x0800
C:\Users\slugg\CPP2409-P\NewbieEngine_Source\NewbieInput.cpp(108,30): warning C4244: '=': 'LONG'에서 'float'(으)로 변환하면서 데이터가 손실될 수 있습니다.
C:\Users\slugg\CPP2409-P\NewbieEngine_Source\NewbieInput.cpp(109,30): warning C4244: '=': 'LONG'에서 'float'(으)로 변환하면서 데이터가 손실될 수 있습니다.
  NewbieLayer.cpp
  C:\Program Files (x86)\Windows Kits\10\Include\10.0.22621.0\um\dinput.h: DIRECTINPUT_VERSION undefined. Defaulting to version 0x0800
  NewbieScene.cpp
  C:\Program Files (x86)\Windows Kits\10\Include\10.0.22621.0\um\dinput.h: DIRECTINPUT_VERSION undefined. Defaulting to version 0x0800
  NewbieSceneManager.cpp
  C:\Program Files (x86)\Windows Kits\10\Include\10.0.22621.0\um\dinput.h: DIRECTINPUT_VERSION undefined. Defaulting to version 0x0800
  NewbieScript.cpp
  C:\Program Files (x86)\Windows Kits\10\Include\10.0.22621.0\um\dinput.h: DIRECTINPUT_VERSION undefined. Defaulting to version 0x0800
  NewbieSpriteRenderer.cpp
  C:\Program Files (x86)\Windows Kits\10\Include\10.0.22621.0\um\dinput.h: DIRECTINPUT_VERSION undefined. Defaulting to version 0x0800
C:\Users\slugg\CPP2409-P\NewbieEngine_Source\NewbieSpriteRenderer.cpp(60,40): warning C4244: '인수': 'float'에서 'int'(으)로 변환하면서 데이터가 손실될 수 있습니다.
C:\Users\slugg\CPP2409-P\NewbieEngine_Source\NewbieSpriteRenderer.cpp(59,39): warning C4244: '인수': 'float'에서 'int'(으)로 변환하면서 데이터가 손실될 수 있습니다.
C:\Users\slugg\CPP2409-P\NewbieEngine_Source\NewbieSpriteRenderer.cpp(58,11): warning C4244: '인수': 'float'에서 'int'(으)로 변환하면서 데이터가 손실될 수 있습니다.
C:\Users\slugg\CPP2409-P\NewbieEngine_Source\NewbieSpriteRenderer.cpp(57,11): warning C4244: '인수': 'float'에서 'int'(으)로 변환하면서 데이터가 손실될 수 있습니다.
C:\Users\slugg\CPP2409-P\NewbieEngine_Source\NewbieSpriteRenderer.cpp(72,40): warning C4244: '인수': 'float'에서 'int'(으)로 변환하면서 데이터가 손실될 수 있습니다.
C:\Users\slugg\CPP2409-P\NewbieEngine_Source\NewbieSpriteRenderer.cpp(71,39): warning C4244: '인수': 'float'에서 'int'(으)로 변환하면서 데이터가 손실될 수 있습니다.
C:\Users\slugg\CPP2409-P\NewbieEngine_Source\NewbieSpriteRenderer.cpp(70,18): warning C4244: '인수': 'float'에서 'int'(으)로 변환하면서 데이터가 손실될 수 있습니다.
C:\Users\slugg\CPP2409-P\NewbieEngine_Source\NewbieSpriteRenderer.cpp(70,11): warning C4244: '인수': 'float'에서 'int'(으)로 변환하면서 데이터가 손실될 수 있습니다.
C:\Users\slugg\CPP2409-P\NewbieEngine_Source\NewbieSpriteRenderer.cpp(96,36): warning C4244: '인수': 'float'에서 'INT'(으)로 변환하면서 데이터가 손실될 수 있습니다.
C:\Users\slugg\CPP2409-P\NewbieEngine_Source\NewbieSpriteRenderer.cpp(95,37): warning C4244: '인수': 'float'에서 'INT'(으)로 변환하면서 데이터가 손실될 수 있습니다.
C:\Users\slugg\CPP2409-P\NewbieEngine_Source\NewbieSpriteRenderer.cpp(94,16): warning C4244: '인수': 'float'에서 'INT'(으)로 변환하면서 데이터가 손실될 수 있습니다.
C:\Users\slugg\CPP2409-P\NewbieEngine_Source\NewbieSpriteRenderer.cpp(94,9): warning C4244: '인수': 'float'에서 'INT'(으)로 변환하면서 데이터가 손실될 수 있습니다.
  NewbieTexture.cpp
  C:\Program Files (x86)\Windows Kits\10\Include\10.0.22621.0\um\dinput.h: DIRECTINPUT_VERSION undefined. Defaulting to version 0x0800
  main.cpp
  C:\Program Files (x86)\Windows Kits\10\Include\10.0.22621.0\um\dinput.h: DIRECTINPUT_VERSION undefined. Defaulting to version 0x0800
C:\Users\slugg\CPP2409-P\MakeEngine\main.cpp(161,10): warning C4311: '형식 캐스트': 'int *'에서 'unsigned int'(으)로 포인터가 잘립니다.
C:\Users\slugg\CPP2409-P\MakeEngine\main.cpp(161,10): warning C4302: '형식 캐스트': 'int *'에서 'unsigned int'(으)로 잘립니다.
  코드를 생성하고 있습니다...
  MakeEngine.vcxproj -> C:\Users\slugg\CPP2409-P\MakeEngine\x64\Debug\MakeEngine.exe
