c:\users\slugg\cpp2409-p\makeengine\makeengine\x64\debug\vc143.pdb
c:\users\slugg\cpp2409-p\makeengine\makeengine\x64\debug\vc143.idb
c:\users\slugg\cpp2409-p\makeengine\makeengine\x64\debug\newbiescene.obj
c:\users\slugg\cpp2409-p\makeengine\makeengine\x64\debug\newbieresources.obj
c:\users\slugg\cpp2409-p\makeengine\makeengine\x64\debug\newbieresource.obj
c:\users\slugg\cpp2409-p\makeengine\makeengine\x64\debug\newbierenderer.obj
c:\users\slugg\cpp2409-p\makeengine\makeengine\x64\debug\newbiemath.obj
c:\users\slugg\cpp2409-p\makeengine\makeengine\x64\debug\newbielayer.obj
c:\users\slugg\cpp2409-p\makeengine\makeengine\x64\debug\newbieinput.obj
c:\users\slugg\cpp2409-p\makeengine\makeengine\x64\debug\newbieobject.obj
c:\users\slugg\cpp2409-p\makeengine\makeengine\x64\debug\newbiegameobject.obj
c:\users\slugg\cpp2409-p\makeengine\makeengine\x64\debug\newbiedontdestroyonload.obj
c:\users\slugg\cpp2409-p\makeengine\makeengine\x64\debug\newbiecomponent.obj
c:\users\slugg\cpp2409-p\makeengine\makeengine\x64\debug\newbiecollidermanager.obj
c:\users\slugg\cpp2409-p\makeengine\makeengine\x64\debug\newbiecollider.obj
c:\users\slugg\cpp2409-p\makeengine\makeengine\x64\debug\newbiecirclecollider2d.obj
c:\users\slugg\cpp2409-p\makeengine\makeengine\x64\debug\newbiecamera.obj
c:\users\slugg\cpp2409-p\makeengine\makeengine\x64\debug\newbieboxcollider2d.obj
c:\users\slugg\cpp2409-p\makeengine\makeengine\x64\debug\newbieapplication.obj
c:\users\slugg\cpp2409-p\makeengine\makeengine\x64\debug\newbieanimator.obj
c:\users\slugg\cpp2409-p\makeengine\makeengine\x64\debug\newbieanimation.obj
c:\users\slugg\cpp2409-p\makeengine\makeengine\x64\debug\entity.obj
c:\users\slugg\cpp2409-p\makeengine\makeengine\x64\debug\main.obj
c:\users\slugg\cpp2409-p\makeengine\makeengine\x64\debug\newbietransform.obj
c:\users\slugg\cpp2409-p\makeengine\makeengine\x64\debug\newbietime.obj
c:\users\slugg\cpp2409-p\makeengine\makeengine\x64\debug\newbietexture.obj
c:\users\slugg\cpp2409-p\makeengine\makeengine\x64\debug\newbiespriterenderer.obj
c:\users\slugg\cpp2409-p\makeengine\makeengine\x64\debug\newbiescript.obj
c:\users\slugg\cpp2409-p\makeengine\makeengine\x64\debug\newbiescenemanager.obj
c:\users\slugg\cpp2409-p\makeengine\makeengine\x64\debug\makeengine.res
c:\users\slugg\cpp2409-p\makeengine\makeengine\x64\debug\entity.nativecodeanalysis.xml
c:\users\slugg\cpp2409-p\makeengine\makeengine\x64\debug\newbieanimation.nativecodeanalysis.xml
c:\users\slugg\cpp2409-p\makeengine\makeengine\x64\debug\newbieanimator.nativecodeanalysis.xml
c:\users\slugg\cpp2409-p\makeengine\makeengine\x64\debug\newbieapplication.nativecodeanalysis.xml
c:\users\slugg\cpp2409-p\makeengine\makeengine\x64\debug\newbieboxcollider2d.nativecodeanalysis.xml
c:\users\slugg\cpp2409-p\makeengine\makeengine\x64\debug\newbiecamera.nativecodeanalysis.xml
c:\users\slugg\cpp2409-p\makeengine\makeengine\x64\debug\newbiecirclecollider2d.nativecodeanalysis.xml
c:\users\slugg\cpp2409-p\makeengine\makeengine\x64\debug\newbiecollider.nativecodeanalysis.xml
c:\users\slugg\cpp2409-p\makeengine\makeengine\x64\debug\newbiecollidermanager.nativecodeanalysis.xml
c:\users\slugg\cpp2409-p\makeengine\makeengine\x64\debug\newbiecomponent.nativecodeanalysis.xml
c:\users\slugg\cpp2409-p\makeengine\makeengine\x64\debug\newbiedontdestroyonload.nativecodeanalysis.xml
c:\users\slugg\cpp2409-p\makeengine\makeengine\x64\debug\newbiegameobject.nativecodeanalysis.xml
c:\users\slugg\cpp2409-p\makeengine\makeengine\x64\debug\newbieinput.nativecodeanalysis.xml
c:\users\slugg\cpp2409-p\makeengine\makeengine\x64\debug\newbielayer.nativecodeanalysis.xml
c:\users\slugg\cpp2409-p\makeengine\makeengine\x64\debug\newbiemath.nativecodeanalysis.xml
c:\users\slugg\cpp2409-p\makeengine\makeengine\x64\debug\newbieobject.nativecodeanalysis.xml
c:\users\slugg\cpp2409-p\makeengine\makeengine\x64\debug\newbierenderer.nativecodeanalysis.xml
c:\users\slugg\cpp2409-p\makeengine\makeengine\x64\debug\newbieresource.nativecodeanalysis.xml
c:\users\slugg\cpp2409-p\makeengine\makeengine\x64\debug\newbieresources.nativecodeanalysis.xml
c:\users\slugg\cpp2409-p\makeengine\makeengine\x64\debug\newbiescene.nativecodeanalysis.xml
c:\users\slugg\cpp2409-p\makeengine\makeengine\x64\debug\newbiescenemanager.nativecodeanalysis.xml
c:\users\slugg\cpp2409-p\makeengine\makeengine\x64\debug\newbiescript.nativecodeanalysis.xml
c:\users\slugg\cpp2409-p\makeengine\makeengine\x64\debug\newbiespriterenderer.nativecodeanalysis.xml
c:\users\slugg\cpp2409-p\makeengine\makeengine\x64\debug\newbietexture.nativecodeanalysis.xml
c:\users\slugg\cpp2409-p\makeengine\makeengine\x64\debug\newbietime.nativecodeanalysis.xml
c:\users\slugg\cpp2409-p\makeengine\makeengine\x64\debug\newbietransform.nativecodeanalysis.xml
c:\users\slugg\cpp2409-p\makeengine\x64\debug\makeengine.pdb
c:\users\slugg\cpp2409-p\makeengine\makeengine\x64\debug\makeengine.tlog\cl.command.1.tlog
c:\users\slugg\cpp2409-p\makeengine\makeengine\x64\debug\makeengine.tlog\cl.read.1.tlog
c:\users\slugg\cpp2409-p\makeengine\makeengine\x64\debug\makeengine.tlog\cl.write.1.tlog
c:\users\slugg\cpp2409-p\makeengine\makeengine\x64\debug\makeengine.tlog\link.command.1.tlog
c:\users\slugg\cpp2409-p\makeengine\makeengine\x64\debug\makeengine.tlog\link.read.1.tlog
c:\users\slugg\cpp2409-p\makeengine\makeengine\x64\debug\makeengine.tlog\link.read.2.tlog
c:\users\slugg\cpp2409-p\makeengine\makeengine\x64\debug\makeengine.tlog\link.read.3.tlog
c:\users\slugg\cpp2409-p\makeengine\makeengine\x64\debug\makeengine.tlog\link.write.1.tlog
c:\users\slugg\cpp2409-p\makeengine\makeengine\x64\debug\makeengine.tlog\rc.command.1.tlog
c:\users\slugg\cpp2409-p\makeengine\makeengine\x64\debug\makeengine.tlog\rc.read.1.tlog
c:\users\slugg\cpp2409-p\makeengine\makeengine\x64\debug\makeengine.tlog\rc.write.1.tlog
