  NewbieEnemyScript.cpp
C:\Users\slugg\Documents\GitHub\CPP2409-P\NewbieEngine_Source\Entity.h(1,1): warning C4819: 현재 코드 페이지(949)에서 표시할 수 없는 문자가 파일에 들어 있습니다. 데이터가 손실되지 않게 하려면 해당 파일을 유니코드 형식으로 저장하십시오.
  (소스 파일 'NewbieEnemyScript.cpp'을(를) 컴파일하는 중)
  
C:\Users\slugg\Documents\GitHub\CPP2409-P\NewbieEngine_Source\Commoninclude.h(1,1): warning C4819: 현재 코드 페이지(949)에서 표시할 수 없는 문자가 파일에 들어 있습니다. 데이터가 손실되지 않게 하려면 해당 파일을 유니코드 형식으로 저장하십시오.
  (소스 파일 'NewbieEnemyScript.cpp'을(를) 컴파일하는 중)
  
  C:\Program Files (x86)\Windows Kits\10\Include\10.0.22621.0\um\dinput.h: DIRECTINPUT_VERSION undefined. Defaulting to version 0x0800
C:\Users\slugg\Documents\GitHub\CPP2409-P\NewbieEngine_Source\NewbieTransform.h(1,1): warning C4819: 현재 코드 페이지(949)에서 표시할 수 없는 문자가 파일에 들어 있습니다. 데이터가 손실되지 않게 하려면 해당 파일을 유니코드 형식으로 저장하십시오.
  (소스 파일 'NewbieEnemyScript.cpp'을(를) 컴파일하는 중)
  
C:\Users\slugg\Documents\GitHub\CPP2409-P\NewbieEngine_Source\NewbieTime.h(1,1): warning C4819: 현재 코드 페이지(949)에서 표시할 수 없는 문자가 파일에 들어 있습니다. 데이터가 손실되지 않게 하려면 해당 파일을 유니코드 형식으로 저장하십시오.
  (소스 파일 'NewbieEnemyScript.cpp'을(를) 컴파일하는 중)
  
C:\Users\slugg\Documents\GitHub\CPP2409-P\NewbieEngine_Source\NewbieGameObject.h(1,1): warning C4819: 현재 코드 페이지(949)에서 표시할 수 없는 문자가 파일에 들어 있습니다. 데이터가 손실되지 않게 하려면 해당 파일을 유니코드 형식으로 저장하십시오.
  (소스 파일 'NewbieEnemyScript.cpp'을(를) 컴파일하는 중)
  
C:\Users\slugg\Documents\GitHub\CPP2409-P\NewbieEngine_Source\NewbieResource.h(1,1): warning C4819: 현재 코드 페이지(949)에서 표시할 수 없는 문자가 파일에 들어 있습니다. 데이터가 손실되지 않게 하려면 해당 파일을 유니코드 형식으로 저장하십시오.
  (소스 파일 'NewbieEnemyScript.cpp'을(를) 컴파일하는 중)
  
C:\Users\slugg\Documents\GitHub\CPP2409-P\NewbieEngine_Source\NewbieTexture.h(1,1): warning C4819: 현재 코드 페이지(949)에서 표시할 수 없는 문자가 파일에 들어 있습니다. 데이터가 손실되지 않게 하려면 해당 파일을 유니코드 형식으로 저장하십시오.
  (소스 파일 'NewbieEnemyScript.cpp'을(를) 컴파일하는 중)
  
C:\Users\slugg\Documents\GitHub\CPP2409-P\NewbieEngine_Source\NewbieObject.h(1,1): warning C4819: 현재 코드 페이지(949)에서 표시할 수 없는 문자가 파일에 들어 있습니다. 데이터가 손실되지 않게 하려면 해당 파일을 유니코드 형식으로 저장하십시오.
  (소스 파일 'NewbieEnemyScript.cpp'을(를) 컴파일하는 중)
  
C:\Users\slugg\Documents\GitHub\CPP2409-P\NewbieEngine_Source\NewbieSceneManager.h(1,1): warning C4819: 현재 코드 페이지(949)에서 표시할 수 없는 문자가 파일에 들어 있습니다. 데이터가 손실되지 않게 하려면 해당 파일을 유니코드 형식으로 저장하십시오.
  (소스 파일 'NewbieEnemyScript.cpp'을(를) 컴파일하는 중)
  
  NewbieEnvironment.cpp
C:\Users\slugg\Documents\GitHub\CPP2409-P\NewbieEngine_Source\Commoninclude.h(1,1): warning C4819: 현재 코드 페이지(949)에서 표시할 수 없는 문자가 파일에 들어 있습니다. 데이터가 손실되지 않게 하려면 해당 파일을 유니코드 형식으로 저장하십시오.
  (소스 파일 'NewbieEnvironment.cpp'을(를) 컴파일하는 중)
  
  C:\Program Files (x86)\Windows Kits\10\Include\10.0.22621.0\um\dinput.h: DIRECTINPUT_VERSION undefined. Defaulting to version 0x0800
C:\Users\slugg\Documents\GitHub\CPP2409-P\NewbieEngine_Source\NewbieGameObject.h(1,1): warning C4819: 현재 코드 페이지(949)에서 표시할 수 없는 문자가 파일에 들어 있습니다. 데이터가 손실되지 않게 하려면 해당 파일을 유니코드 형식으로 저장하십시오.
  (소스 파일 'NewbieEnvironment.cpp'을(를) 컴파일하는 중)
  
C:\Users\slugg\Documents\GitHub\CPP2409-P\NewbieEngine_Source\Entity.h(1,1): warning C4819: 현재 코드 페이지(949)에서 표시할 수 없는 문자가 파일에 들어 있습니다. 데이터가 손실되지 않게 하려면 해당 파일을 유니코드 형식으로 저장하십시오.
  (소스 파일 'NewbieEnvironment.cpp'을(를) 컴파일하는 중)
  
C:\Users\slugg\Documents\GitHub\CPP2409-P\NewbieEngine_Source\NewbieTransform.h(1,1): warning C4819: 현재 코드 페이지(949)에서 표시할 수 없는 문자가 파일에 들어 있습니다. 데이터가 손실되지 않게 하려면 해당 파일을 유니코드 형식으로 저장하십시오.
  (소스 파일 'NewbieEnvironment.cpp'을(를) 컴파일하는 중)
  
C:\Users\slugg\Documents\GitHub\CPP2409-P\NewbieEngine_Source\NewbieSceneManager.h(1,1): warning C4819: 현재 코드 페이지(949)에서 표시할 수 없는 문자가 파일에 들어 있습니다. 데이터가 손실되지 않게 하려면 해당 파일을 유니코드 형식으로 저장하십시오.
  (소스 파일 'NewbieEnvironment.cpp'을(를) 컴파일하는 중)
  
C:\Users\slugg\Documents\GitHub\CPP2409-P\NewbieEngine_Source\NewbieResource.h(1,1): warning C4819: 현재 코드 페이지(949)에서 표시할 수 없는 문자가 파일에 들어 있습니다. 데이터가 손실되지 않게 하려면 해당 파일을 유니코드 형식으로 저장하십시오.
  (소스 파일 'NewbieEnvironment.cpp'을(를) 컴파일하는 중)
  
C:\Users\slugg\Documents\GitHub\CPP2409-P\NewbieEngine_Source\NewbieTexture.h(1,1): warning C4819: 현재 코드 페이지(949)에서 표시할 수 없는 문자가 파일에 들어 있습니다. 데이터가 손실되지 않게 하려면 해당 파일을 유니코드 형식으로 저장하십시오.
  (소스 파일 'NewbieEnvironment.cpp'을(를) 컴파일하는 중)
  
C:\Users\slugg\Documents\GitHub\CPP2409-P\NewbieEngine_Source\NewbieObject.h(1,1): warning C4819: 현재 코드 페이지(949)에서 표시할 수 없는 문자가 파일에 들어 있습니다. 데이터가 손실되지 않게 하려면 해당 파일을 유니코드 형식으로 저장하십시오.
  (소스 파일 'NewbieEnvironment.cpp'을(를) 컴파일하는 중)
  
C:\Users\slugg\Documents\GitHub\CPP2409-P\NewbieEngine_Source\NewbieTime.h(1,1): warning C4819: 현재 코드 페이지(949)에서 표시할 수 없는 문자가 파일에 들어 있습니다. 데이터가 손실되지 않게 하려면 해당 파일을 유니코드 형식으로 저장하십시오.
  (소스 파일 'NewbieEnvironment.cpp'을(를) 컴파일하는 중)
  
  NewbiePlayScene.cpp
C:\Users\slugg\Documents\GitHub\CPP2409-P\NewbieEngine_Window\NewbiePlayScene.cpp(1,1): warning C4819: 현재 코드 페이지(949)에서 표시할 수 없는 문자가 파일에 들어 있습니다. 데이터가 손실되지 않게 하려면 해당 파일을 유니코드 형식으로 저장하십시오.
C:\Users\slugg\Documents\GitHub\CPP2409-P\NewbieEngine_Source\Entity.h(1,1): warning C4819: 현재 코드 페이지(949)에서 표시할 수 없는 문자가 파일에 들어 있습니다. 데이터가 손실되지 않게 하려면 해당 파일을 유니코드 형식으로 저장하십시오.
  (소스 파일 'NewbiePlayScene.cpp'을(를) 컴파일하는 중)
  
C:\Users\slugg\Documents\GitHub\CPP2409-P\NewbieEngine_Source\Commoninclude.h(1,1): warning C4819: 현재 코드 페이지(949)에서 표시할 수 없는 문자가 파일에 들어 있습니다. 데이터가 손실되지 않게 하려면 해당 파일을 유니코드 형식으로 저장하십시오.
  (소스 파일 'NewbiePlayScene.cpp'을(를) 컴파일하는 중)
  
  C:\Program Files (x86)\Windows Kits\10\Include\10.0.22621.0\um\dinput.h: DIRECTINPUT_VERSION undefined. Defaulting to version 0x0800
C:\Users\slugg\Documents\GitHub\CPP2409-P\NewbieEngine_Source\NewbieGameObject.h(1,1): warning C4819: 현재 코드 페이지(949)에서 표시할 수 없는 문자가 파일에 들어 있습니다. 데이터가 손실되지 않게 하려면 해당 파일을 유니코드 형식으로 저장하십시오.
  (소스 파일 'NewbiePlayScene.cpp'을(를) 컴파일하는 중)
  
C:\Users\slugg\Documents\GitHub\CPP2409-P\NewbieEngine_Source\NewbieTransform.h(1,1): warning C4819: 현재 코드 페이지(949)에서 표시할 수 없는 문자가 파일에 들어 있습니다. 데이터가 손실되지 않게 하려면 해당 파일을 유니코드 형식으로 저장하십시오.
  (소스 파일 'NewbiePlayScene.cpp'을(를) 컴파일하는 중)
  
C:\Users\slugg\Documents\GitHub\CPP2409-P\NewbieEngine_Source\NewbieSpriteRenderer.h(1,1): warning C4819: 현재 코드 페이지(949)에서 표시할 수 없는 문자가 파일에 들어 있습니다. 데이터가 손실되지 않게 하려면 해당 파일을 유니코드 형식으로 저장하십시오.
  (소스 파일 'NewbiePlayScene.cpp'을(를) 컴파일하는 중)
  
C:\Users\slugg\Documents\GitHub\CPP2409-P\NewbieEngine_Source\NewbieTexture.h(1,1): warning C4819: 현재 코드 페이지(949)에서 표시할 수 없는 문자가 파일에 들어 있습니다. 데이터가 손실되지 않게 하려면 해당 파일을 유니코드 형식으로 저장하십시오.
  (소스 파일 'NewbiePlayScene.cpp'을(를) 컴파일하는 중)
  
C:\Users\slugg\Documents\GitHub\CPP2409-P\NewbieEngine_Source\NewbieResource.h(1,1): warning C4819: 현재 코드 페이지(949)에서 표시할 수 없는 문자가 파일에 들어 있습니다. 데이터가 손실되지 않게 하려면 해당 파일을 유니코드 형식으로 저장하십시오.
  (소스 파일 'NewbiePlayScene.cpp'을(를) 컴파일하는 중)
  
C:\Users\slugg\Documents\GitHub\CPP2409-P\NewbieEngine_Source\NewbieSceneManager.h(1,1): warning C4819: 현재 코드 페이지(949)에서 표시할 수 없는 문자가 파일에 들어 있습니다. 데이터가 손실되지 않게 하려면 해당 파일을 유니코드 형식으로 저장하십시오.
  (소스 파일 'NewbiePlayScene.cpp'을(를) 컴파일하는 중)
  
C:\Users\slugg\Documents\GitHub\CPP2409-P\NewbieEngine_Source\NewbieObject.h(1,1): warning C4819: 현재 코드 페이지(949)에서 표시할 수 없는 문자가 파일에 들어 있습니다. 데이터가 손실되지 않게 하려면 해당 파일을 유니코드 형식으로 저장하십시오.
  (소스 파일 'NewbiePlayScene.cpp'을(를) 컴파일하는 중)
  
C:\Users\slugg\Documents\GitHub\CPP2409-P\NewbieEngine_Source\NewbieTime.h(1,1): warning C4819: 현재 코드 페이지(949)에서 표시할 수 없는 문자가 파일에 들어 있습니다. 데이터가 손실되지 않게 하려면 해당 파일을 유니코드 형식으로 저장하십시오.
  (소스 파일 'NewbiePlayScene.cpp'을(를) 컴파일하는 중)
  
C:\Users\slugg\Documents\GitHub\CPP2409-P\NewbieEngine_Window\NewbiePlayScene.cpp(106,11): warning C4267: '초기화 중': 'size_t'에서 'int'(으)로 변환하면서 데이터가 손실될 수 있습니다.
  NewbieQLearningAgent.cpp
C:\Users\slugg\Documents\GitHub\CPP2409-P\NewbieEngine_Source\Entity.h(1,1): warning C4819: 현재 코드 페이지(949)에서 표시할 수 없는 문자가 파일에 들어 있습니다. 데이터가 손실되지 않게 하려면 해당 파일을 유니코드 형식으로 저장하십시오.
  (소스 파일 'NewbieQLearningAgent.cpp'을(를) 컴파일하는 중)
  
C:\Users\slugg\Documents\GitHub\CPP2409-P\NewbieEngine_Source\Commoninclude.h(1,1): warning C4819: 현재 코드 페이지(949)에서 표시할 수 없는 문자가 파일에 들어 있습니다. 데이터가 손실되지 않게 하려면 해당 파일을 유니코드 형식으로 저장하십시오.
  (소스 파일 'NewbieQLearningAgent.cpp'을(를) 컴파일하는 중)
  
  C:\Program Files (x86)\Windows Kits\10\Include\10.0.22621.0\um\dinput.h: DIRECTINPUT_VERSION undefined. Defaulting to version 0x0800
C:\Users\slugg\Documents\GitHub\CPP2409-P\NewbieEngine_Source\NewbieGameObject.h(1,1): warning C4819: 현재 코드 페이지(949)에서 표시할 수 없는 문자가 파일에 들어 있습니다. 데이터가 손실되지 않게 하려면 해당 파일을 유니코드 형식으로 저장하십시오.
  (소스 파일 'NewbieQLearningAgent.cpp'을(를) 컴파일하는 중)
  
C:\Users\slugg\Documents\GitHub\CPP2409-P\NewbieEngine_Source\NewbieSceneManager.h(1,1): warning C4819: 현재 코드 페이지(949)에서 표시할 수 없는 문자가 파일에 들어 있습니다. 데이터가 손실되지 않게 하려면 해당 파일을 유니코드 형식으로 저장하십시오.
  (소스 파일 'NewbieQLearningAgent.cpp'을(를) 컴파일하는 중)
  
C:\Users\slugg\Documents\GitHub\CPP2409-P\NewbieEngine_Source\NewbieTransform.h(1,1): warning C4819: 현재 코드 페이지(949)에서 표시할 수 없는 문자가 파일에 들어 있습니다. 데이터가 손실되지 않게 하려면 해당 파일을 유니코드 형식으로 저장하십시오.
  (소스 파일 'NewbieQLearningAgent.cpp'을(를) 컴파일하는 중)
  
  코드를 생성하고 있습니다...
  NewbieEngine_Window.vcxproj -> C:\Users\slugg\Documents\GitHub\CPP2409-P\MakeEngine\x64\Debug\NewbieEngine_Window.lib
