c:\users\slugg\documents\github\cpp2409-p\makeengine\x64\debug\newbieengine_window.pdb
c:\users\slugg\documents\github\cpp2409-p\makeengine\x64\debug\newbieengine_window.idb
c:\users\slugg\documents\github\cpp2409-p\newbieengine_window\x64\debug\newbierigidbody.obj
c:\users\slugg\documents\github\cpp2409-p\newbieengine_window\x64\debug\newbieresources.obj
c:\users\slugg\documents\github\cpp2409-p\newbieengine_window\x64\debug\newbieresource.obj
c:\users\slugg\documents\github\cpp2409-p\newbieengine_window\x64\debug\newbierenderer.obj
c:\users\slugg\documents\github\cpp2409-p\newbieengine_window\x64\debug\newbiemath.obj
c:\users\slugg\documents\github\cpp2409-p\newbieengine_window\x64\debug\newbielayer.obj
c:\users\slugg\documents\github\cpp2409-p\newbieengine_window\x64\debug\newbieinput.obj
c:\users\slugg\documents\github\cpp2409-p\newbieengine_window\x64\debug\newbieobject.obj
c:\users\slugg\documents\github\cpp2409-p\newbieengine_window\x64\debug\newbiegameobject.obj
c:\users\slugg\documents\github\cpp2409-p\newbieengine_window\x64\debug\newbiedontdestroyonload.obj
c:\users\slugg\documents\github\cpp2409-p\newbieengine_window\x64\debug\newbiecomponent.obj
c:\users\slugg\documents\github\cpp2409-p\newbieengine_window\x64\debug\newbiecollidermanager.obj
c:\users\slugg\documents\github\cpp2409-p\newbieengine_window\x64\debug\newbiecollider.obj
c:\users\slugg\documents\github\cpp2409-p\newbieengine_window\x64\debug\newbiecirclecollider2d.obj
c:\users\slugg\documents\github\cpp2409-p\newbieengine_window\x64\debug\newbiecamera.obj
c:\users\slugg\documents\github\cpp2409-p\newbieengine_window\x64\debug\newbieboxcollider2d.obj
c:\users\slugg\documents\github\cpp2409-p\newbieengine_window\x64\debug\newbieapplication.obj
c:\users\slugg\documents\github\cpp2409-p\newbieengine_window\x64\debug\newbieanimator.obj
c:\users\slugg\documents\github\cpp2409-p\newbieengine_window\x64\debug\newbieanimation.obj
c:\users\slugg\documents\github\cpp2409-p\newbieengine_window\x64\debug\entity.obj
c:\users\slugg\documents\github\cpp2409-p\newbieengine_window\x64\debug\newbietoolscene.obj
c:\users\slugg\documents\github\cpp2409-p\newbieengine_window\x64\debug\newbietitlescene.obj
c:\users\slugg\documents\github\cpp2409-p\newbieengine_window\x64\debug\newbietile.obj
c:\users\slugg\documents\github\cpp2409-p\newbieengine_window\x64\debug\newbieplayscene.obj
c:\users\slugg\documents\github\cpp2409-p\newbieengine_window\x64\debug\newbieplayerscript.obj
c:\users\slugg\documents\github\cpp2409-p\newbieengine_window\x64\debug\newbieplayer.obj
c:\users\slugg\documents\github\cpp2409-p\newbieengine_window\x64\debug\newbiefloorscript.obj
c:\users\slugg\documents\github\cpp2409-p\newbieengine_window\x64\debug\newbiefloor.obj
c:\users\slugg\documents\github\cpp2409-p\newbieengine_window\x64\debug\newbiecatscript.obj
c:\users\slugg\documents\github\cpp2409-p\newbieengine_window\x64\debug\newbiecat.obj
c:\users\slugg\documents\github\cpp2409-p\newbieengine_window\x64\debug\newbiecamerascript.obj
c:\users\slugg\documents\github\cpp2409-p\newbieengine_window\x64\debug\newbiebackground.obj
c:\users\slugg\documents\github\cpp2409-p\newbieengine_window\x64\debug\newbietransform.obj
c:\users\slugg\documents\github\cpp2409-p\newbieengine_window\x64\debug\newbietime.obj
c:\users\slugg\documents\github\cpp2409-p\newbieengine_window\x64\debug\newbietilemaprenderer.obj
c:\users\slugg\documents\github\cpp2409-p\newbieengine_window\x64\debug\newbietexture.obj
c:\users\slugg\documents\github\cpp2409-p\newbieengine_window\x64\debug\newbiespriterenderer.obj
c:\users\slugg\documents\github\cpp2409-p\newbieengine_window\x64\debug\newbiescript.obj
c:\users\slugg\documents\github\cpp2409-p\newbieengine_window\x64\debug\newbiescenemanager.obj
c:\users\slugg\documents\github\cpp2409-p\newbieengine_window\x64\debug\newbiescene.obj
c:\users\slugg\documents\github\cpp2409-p\newbieengine_window\x64\debug\newbieenemyscript.obj
c:\users\slugg\documents\github\cpp2409-p\newbieengine_window\x64\debug\newbieenvironment.obj
c:\users\slugg\documents\github\cpp2409-p\newbieengine_window\x64\debug\ressre.obj
c:\users\slugg\documents\github\cpp2409-p\newbieengine_window\x64\debug\newbieqlearningagent.obj
c:\users\slugg\documents\github\cpp2409-p\makeengine\x64\debug\newbieengine_window.lib
c:\users\slugg\documents\github\cpp2409-p\newbieengine_window\x64\debug\newbieengine_window.res
c:\users\slugg\documents\github\cpp2409-p\newbieengine_window\x64\debug\newbieen.908d8cf2.tlog\cl.command.1.tlog
c:\users\slugg\documents\github\cpp2409-p\newbieengine_window\x64\debug\newbieen.908d8cf2.tlog\cl.items.tlog
c:\users\slugg\documents\github\cpp2409-p\newbieengine_window\x64\debug\newbieen.908d8cf2.tlog\cl.read.1.tlog
c:\users\slugg\documents\github\cpp2409-p\newbieengine_window\x64\debug\newbieen.908d8cf2.tlog\cl.write.1.tlog
c:\users\slugg\documents\github\cpp2409-p\newbieengine_window\x64\debug\newbieen.908d8cf2.tlog\lib-link-cvtres.read.1.tlog
c:\users\slugg\documents\github\cpp2409-p\newbieengine_window\x64\debug\newbieen.908d8cf2.tlog\lib-link-cvtres.write.1.tlog
c:\users\slugg\documents\github\cpp2409-p\newbieengine_window\x64\debug\newbieen.908d8cf2.tlog\lib.command.1.tlog
c:\users\slugg\documents\github\cpp2409-p\newbieengine_window\x64\debug\newbieen.908d8cf2.tlog\rc.command.1.tlog
c:\users\slugg\documents\github\cpp2409-p\newbieengine_window\x64\debug\newbieen.908d8cf2.tlog\rc.read.1.tlog
c:\users\slugg\documents\github\cpp2409-p\newbieengine_window\x64\debug\newbieen.908d8cf2.tlog\rc.write.1.tlog
