  NewbieAnimation.cpp
C:\Users\slugg\Documents\GitHub\CPP2409-P\NewbieEngine_Source\NewbieAnimation.cpp(1,1): warning C4819: 현재 코드 페이지(949)에서 표시할 수 없는 문자가 파일에 들어 있습니다. 데이터가 손실되지 않게 하려면 해당 파일을 유니코드 형식으로 저장하십시오.
C:\Users\slugg\Documents\GitHub\CPP2409-P\NewbieEngine_Source\NewbieResource.h(1,1): warning C4819: 현재 코드 페이지(949)에서 표시할 수 없는 문자가 파일에 들어 있습니다. 데이터가 손실되지 않게 하려면 해당 파일을 유니코드 형식으로 저장하십시오.
  (소스 파일 '../NewbieEngine_Source/NewbieAnimation.cpp'을(를) 컴파일하는 중)
  
C:\Users\slugg\Documents\GitHub\CPP2409-P\NewbieEngine_Source\Entity.h(1,1): warning C4819: 현재 코드 페이지(949)에서 표시할 수 없는 문자가 파일에 들어 있습니다. 데이터가 손실되지 않게 하려면 해당 파일을 유니코드 형식으로 저장하십시오.
  (소스 파일 '../NewbieEngine_Source/NewbieAnimation.cpp'을(를) 컴파일하는 중)
  
C:\Users\slugg\Documents\GitHub\CPP2409-P\NewbieEngine_Source\Commoninclude.h(1,1): warning C4819: 현재 코드 페이지(949)에서 표시할 수 없는 문자가 파일에 들어 있습니다. 데이터가 손실되지 않게 하려면 해당 파일을 유니코드 형식으로 저장하십시오.
  (소스 파일 '../NewbieEngine_Source/NewbieAnimation.cpp'을(를) 컴파일하는 중)
  
  C:\Program Files (x86)\Windows Kits\10\Include\10.0.22621.0\um\dinput.h: DIRECTINPUT_VERSION undefined. Defaulting to version 0x0800
C:\Users\slugg\Documents\GitHub\CPP2409-P\NewbieEngine_Source\NewbieTexture.h(1,1): warning C4819: 현재 코드 페이지(949)에서 표시할 수 없는 문자가 파일에 들어 있습니다. 데이터가 손실되지 않게 하려면 해당 파일을 유니코드 형식으로 저장하십시오.
  (소스 파일 '../NewbieEngine_Source/NewbieAnimation.cpp'을(를) 컴파일하는 중)
  
C:\Users\slugg\Documents\GitHub\CPP2409-P\NewbieEngine_Source\NewbieTime.h(1,1): warning C4819: 현재 코드 페이지(949)에서 표시할 수 없는 문자가 파일에 들어 있습니다. 데이터가 손실되지 않게 하려면 해당 파일을 유니코드 형식으로 저장하십시오.
  (소스 파일 '../NewbieEngine_Source/NewbieAnimation.cpp'을(를) 컴파일하는 중)
  
C:\Users\slugg\Documents\GitHub\CPP2409-P\NewbieEngine_Source\NewbieTransform.h(1,1): warning C4819: 현재 코드 페이지(949)에서 표시할 수 없는 문자가 파일에 들어 있습니다. 데이터가 손실되지 않게 하려면 해당 파일을 유니코드 형식으로 저장하십시오.
  (소스 파일 '../NewbieEngine_Source/NewbieAnimation.cpp'을(를) 컴파일하는 중)
  
C:\Users\slugg\Documents\GitHub\CPP2409-P\NewbieEngine_Source\NewbieGameObject.h(1,1): warning C4819: 현재 코드 페이지(949)에서 표시할 수 없는 문자가 파일에 들어 있습니다. 데이터가 손실되지 않게 하려면 해당 파일을 유니코드 형식으로 저장하십시오.
  (소스 파일 '../NewbieEngine_Source/NewbieAnimation.cpp'을(를) 컴파일하는 중)
  
C:\Users\slugg\Documents\GitHub\CPP2409-P\NewbieEngine_Source\NewbieAnimation.cpp(105,18): warning C4244: '인수': 'float'에서 'int'(으)로 변환하면서 데이터가 손실될 수 있습니다.
C:\Users\slugg\Documents\GitHub\CPP2409-P\NewbieEngine_Source\NewbieAnimation.cpp(104,18): warning C4244: '인수': 'float'에서 'int'(으)로 변환하면서 데이터가 손실될 수 있습니다.
C:\Users\slugg\Documents\GitHub\CPP2409-P\NewbieEngine_Source\NewbieAnimation.cpp(103,21): warning C4244: '인수': 'float'에서 'int'(으)로 변환하면서 데이터가 손실될 수 있습니다.
C:\Users\slugg\Documents\GitHub\CPP2409-P\NewbieEngine_Source\NewbieAnimation.cpp(102,21): warning C4244: '인수': 'float'에서 'int'(으)로 변환하면서 데이터가 손실될 수 있습니다.
C:\Users\slugg\Documents\GitHub\CPP2409-P\NewbieEngine_Source\NewbieAnimation.cpp(100,21): warning C4244: '인수': 'float'에서 'int'(으)로 변환하면서 데이터가 손실될 수 있습니다.
C:\Users\slugg\Documents\GitHub\CPP2409-P\NewbieEngine_Source\NewbieAnimation.cpp(99,21): warning C4244: '인수': 'float'에서 'int'(으)로 변환하면서 데이터가 손실될 수 있습니다.
C:\Users\slugg\Documents\GitHub\CPP2409-P\NewbieEngine_Source\NewbieAnimation.cpp(98,13): warning C4244: '인수': 'float'에서 'int'(으)로 변환하면서 데이터가 손실될 수 있습니다.
C:\Users\slugg\Documents\GitHub\CPP2409-P\NewbieEngine_Source\NewbieAnimation.cpp(97,13): warning C4244: '인수': 'float'에서 'int'(으)로 변환하면서 데이터가 손실될 수 있습니다.
C:\Users\slugg\Documents\GitHub\CPP2409-P\NewbieEngine_Source\NewbieAnimation.cpp(133,18): warning C4244: '인수': 'float'에서 'INT'(으)로 변환하면서 데이터가 손실될 수 있습니다.
C:\Users\slugg\Documents\GitHub\CPP2409-P\NewbieEngine_Source\NewbieAnimation.cpp(132,18): warning C4244: '인수': 'float'에서 'INT'(으)로 변환하면서 데이터가 손실될 수 있습니다.
C:\Users\slugg\Documents\GitHub\CPP2409-P\NewbieEngine_Source\NewbieAnimation.cpp(131,21): warning C4244: '인수': 'float'에서 'INT'(으)로 변환하면서 데이터가 손실될 수 있습니다.
C:\Users\slugg\Documents\GitHub\CPP2409-P\NewbieEngine_Source\NewbieAnimation.cpp(130,21): warning C4244: '인수': 'float'에서 'INT'(으)로 변환하면서 데이터가 손실될 수 있습니다.
C:\Users\slugg\Documents\GitHub\CPP2409-P\NewbieEngine_Source\NewbieAnimation.cpp(128,22): warning C4244: '인수': 'float'에서 'INT'(으)로 변환하면서 데이터가 손실될 수 있습니다.
C:\Users\slugg\Documents\GitHub\CPP2409-P\NewbieEngine_Source\NewbieAnimation.cpp(127,22): warning C4244: '인수': 'float'에서 'INT'(으)로 변환하면서 데이터가 손실될 수 있습니다.
C:\Users\slugg\Documents\GitHub\CPP2409-P\NewbieEngine_Source\NewbieAnimation.cpp(126,14): warning C4244: '인수': 'float'에서 'INT'(으)로 변환하면서 데이터가 손실될 수 있습니다.
C:\Users\slugg\Documents\GitHub\CPP2409-P\NewbieEngine_Source\NewbieAnimation.cpp(125,14): warning C4244: '인수': 'float'에서 'INT'(으)로 변환하면서 데이터가 손실될 수 있습니다.
  NewbieEngine.vcxproj -> C:\Users\slugg\Documents\GitHub\CPP2409-P\MakeEngine\x64\Release\NewbieEngine.lib
