c:\users\slugg\documents\github\cpp2409-p\makeengine\x64\debug\newbieengine.pdb
c:\users\slugg\documents\github\cpp2409-p\makeengine\x64\debug\newbieengine.idb
c:\users\slugg\documents\github\cpp2409-p\newbieengine\x64\debug\newbietransform.obj
c:\users\slugg\documents\github\cpp2409-p\newbieengine\x64\debug\newbietime.obj
c:\users\slugg\documents\github\cpp2409-p\newbieengine\x64\debug\newbietexture.obj
c:\users\slugg\documents\github\cpp2409-p\newbieengine\x64\debug\newbiespriterenderer.obj
c:\users\slugg\documents\github\cpp2409-p\newbieengine\x64\debug\newbiescript.obj
c:\users\slugg\documents\github\cpp2409-p\newbieengine\x64\debug\newbiescenemanager.obj
c:\users\slugg\documents\github\cpp2409-p\newbieengine\x64\debug\newbiescene.obj
c:\users\slugg\documents\github\cpp2409-p\newbieengine\x64\debug\newbieresources.obj
c:\users\slugg\documents\github\cpp2409-p\newbieengine\x64\debug\newbieresource.obj
c:\users\slugg\documents\github\cpp2409-p\newbieengine\x64\debug\newbierenderer.obj
c:\users\slugg\documents\github\cpp2409-p\newbieengine\x64\debug\newbielayer.obj
c:\users\slugg\documents\github\cpp2409-p\newbieengine\x64\debug\newbieinput.obj
c:\users\slugg\documents\github\cpp2409-p\newbieengine\x64\debug\newbiegameobject.obj
c:\users\slugg\documents\github\cpp2409-p\newbieengine\x64\debug\newbiecomponent.obj
c:\users\slugg\documents\github\cpp2409-p\newbieengine\x64\debug\newbiecamera.obj
c:\users\slugg\documents\github\cpp2409-p\newbieengine\x64\debug\newbieapplication.obj
c:\users\slugg\documents\github\cpp2409-p\newbieengine\x64\debug\newbieanimator.obj
c:\users\slugg\documents\github\cpp2409-p\newbieengine\x64\debug\newbieanimation.obj
c:\users\slugg\documents\github\cpp2409-p\newbieengine\x64\debug\entity.obj
c:\users\slugg\documents\github\cpp2409-p\newbieengine\x64\debug\newbiemath.obj
c:\users\slugg\documents\github\cpp2409-p\newbieengine\x64\debug\newbiecollider.obj
c:\users\slugg\documents\github\cpp2409-p\newbieengine\x64\debug\newbiecirclecollider2d.obj
c:\users\slugg\documents\github\cpp2409-p\newbieengine\x64\debug\newbieboxcollider2d.obj
c:\users\slugg\documents\github\cpp2409-p\newbieengine\x64\debug\newbiecollidermanager.obj
c:\users\slugg\documents\github\cpp2409-p\makeengine\x64\debug\newbieengine.lib
c:\users\slugg\documents\github\cpp2409-p\newbieengine\x64\debug\newbieengine.tlog\cl.command.1.tlog
c:\users\slugg\documents\github\cpp2409-p\newbieengine\x64\debug\newbieengine.tlog\cl.items.tlog
c:\users\slugg\documents\github\cpp2409-p\newbieengine\x64\debug\newbieengine.tlog\cl.read.1.tlog
c:\users\slugg\documents\github\cpp2409-p\newbieengine\x64\debug\newbieengine.tlog\cl.write.1.tlog
c:\users\slugg\documents\github\cpp2409-p\newbieengine\x64\debug\newbieengine.tlog\lib-link.read.1.tlog
c:\users\slugg\documents\github\cpp2409-p\newbieengine\x64\debug\newbieengine.tlog\lib-link.write.1.tlog
c:\users\slugg\documents\github\cpp2409-p\newbieengine\x64\debug\newbieengine.tlog\lib.command.1.tlog
