  NewbieApplication.cpp
C:\Users\slugg\Documents\GitHub\CPP2409-P\NewbieEngine_Source\NewbieApplication.cpp(1,1): warning C4819: 현재 코드 페이지(949)에서 표시할 수 없는 문자가 파일에 들어 있습니다. 데이터가 손실되지 않게 하려면 해당 파일을 유니코드 형식으로 저장하십시오.
C:\Users\slugg\Documents\GitHub\CPP2409-P\NewbieEngine_Source\NewbieApplication.h(1,1): warning C4819: 현재 코드 페이지(949)에서 표시할 수 없는 문자가 파일에 들어 있습니다. 데이터가 손실되지 않게 하려면 해당 파일을 유니코드 형식으로 저장하십시오.
  (소스 파일 '../NewbieEngine_Source/NewbieApplication.cpp'을(를) 컴파일하는 중)
  
C:\Users\slugg\Documents\GitHub\CPP2409-P\NewbieEngine_Source\NewbieGameObject.h(1,1): warning C4819: 현재 코드 페이지(949)에서 표시할 수 없는 문자가 파일에 들어 있습니다. 데이터가 손실되지 않게 하려면 해당 파일을 유니코드 형식으로 저장하십시오.
  (소스 파일 '../NewbieEngine_Source/NewbieApplication.cpp'을(를) 컴파일하는 중)
  
C:\Users\slugg\Documents\GitHub\CPP2409-P\NewbieEngine_Source\Commoninclude.h(1,1): warning C4819: 현재 코드 페이지(949)에서 표시할 수 없는 문자가 파일에 들어 있습니다. 데이터가 손실되지 않게 하려면 해당 파일을 유니코드 형식으로 저장하십시오.
  (소스 파일 '../NewbieEngine_Source/NewbieApplication.cpp'을(를) 컴파일하는 중)
  
  C:\Program Files (x86)\Windows Kits\10\Include\10.0.22621.0\um\dinput.h: DIRECTINPUT_VERSION undefined. Defaulting to version 0x0800
C:\Users\slugg\Documents\GitHub\CPP2409-P\NewbieEngine_Source\Entity.h(1,1): warning C4819: 현재 코드 페이지(949)에서 표시할 수 없는 문자가 파일에 들어 있습니다. 데이터가 손실되지 않게 하려면 해당 파일을 유니코드 형식으로 저장하십시오.
  (소스 파일 '../NewbieEngine_Source/NewbieApplication.cpp'을(를) 컴파일하는 중)
  
C:\Users\slugg\Documents\GitHub\CPP2409-P\NewbieEngine_Source\NewbieTime.h(1,1): warning C4819: 현재 코드 페이지(949)에서 표시할 수 없는 문자가 파일에 들어 있습니다. 데이터가 손실되지 않게 하려면 해당 파일을 유니코드 형식으로 저장하십시오.
  (소스 파일 '../NewbieEngine_Source/NewbieApplication.cpp'을(를) 컴파일하는 중)
  
C:\Users\slugg\Documents\GitHub\CPP2409-P\NewbieEngine_Source\NewbieSceneManager.h(1,1): warning C4819: 현재 코드 페이지(949)에서 표시할 수 없는 문자가 파일에 들어 있습니다. 데이터가 손실되지 않게 하려면 해당 파일을 유니코드 형식으로 저장하십시오.
  (소스 파일 '../NewbieEngine_Source/NewbieApplication.cpp'을(를) 컴파일하는 중)
  
C:\Users\slugg\Documents\GitHub\CPP2409-P\NewbieEngine_Source\NewbieResource.h(1,1): warning C4819: 현재 코드 페이지(949)에서 표시할 수 없는 문자가 파일에 들어 있습니다. 데이터가 손실되지 않게 하려면 해당 파일을 유니코드 형식으로 저장하십시오.
  (소스 파일 '../NewbieEngine_Source/NewbieApplication.cpp'을(를) 컴파일하는 중)
  
C:\Users\slugg\Documents\GitHub\CPP2409-P\NewbieEngine_Source\NewbieApplication.cpp(114,23): warning C4838: 'UINT'에서 'LONG'(으)로의 변환에는 축소 변환이 필요합니다.
C:\Users\slugg\Documents\GitHub\CPP2409-P\NewbieEngine_Source\NewbieApplication.cpp(114,30): warning C4838: 'UINT'에서 'LONG'(으)로의 변환에는 축소 변환이 필요합니다.
  NewbieEngine.vcxproj -> C:\Users\slugg\Documents\GitHub\CPP2409-P\MakeEngine\x64\Debug\NewbieEngine.lib
