NewbieEngine.lib(NewbieApplication.obj) : warning LNK4099: '' PDB를 'NewbieEngine.lib(NewbieApplication.obj)' 또는 ''에서 찾을 수 없습니다. 디버그 정보가 없는 것처럼 개체를 링크합니다.
NewbieEngine.lib(NewbieSceneManager.obj) : warning LNK4099: '' PDB를 'NewbieEngine.lib(NewbieSceneManager.obj)' 또는 ''에서 찾을 수 없습니다. 디버그 정보가 없는 것처럼 개체를 링크합니다.
NewbieEngine.lib(NewbieTexture.obj) : warning LNK4099: '' PDB를 'NewbieEngine.lib(NewbieTexture.obj)' 또는 ''에서 찾을 수 없습니다. 디버그 정보가 없는 것처럼 개체를 링크합니다.
NewbieEngine.lib(NewbieResources.obj) : warning LNK4099: '' PDB를 'NewbieEngine.lib(NewbieResources.obj)' 또는 ''에서 찾을 수 없습니다. 디버그 정보가 없는 것처럼 개체를 링크합니다.
NewbieEngine.lib(NewbieGameObject.obj) : warning LNK4099: '' PDB를 'NewbieEngine.lib(NewbieGameObject.obj)' 또는 ''에서 찾을 수 없습니다. 디버그 정보가 없는 것처럼 개체를 링크합니다.
NewbieEngine.lib(NewbieLayer.obj) : warning LNK4099: '' PDB를 'NewbieEngine.lib(NewbieLayer.obj)' 또는 ''에서 찾을 수 없습니다. 디버그 정보가 없는 것처럼 개체를 링크합니다.
NewbieEngine.lib(NewbieScene.obj) : warning LNK4099: '' PDB를 'NewbieEngine.lib(NewbieScene.obj)' 또는 ''에서 찾을 수 없습니다. 디버그 정보가 없는 것처럼 개체를 링크합니다.
NewbieEngine.lib(NewbieCamera.obj) : warning LNK4099: '' PDB를 'NewbieEngine.lib(NewbieCamera.obj)' 또는 ''에서 찾을 수 없습니다. 디버그 정보가 없는 것처럼 개체를 링크합니다.
NewbieEngine.lib(NewbieAnimator.obj) : warning LNK4099: '' PDB를 'NewbieEngine.lib(NewbieAnimator.obj)' 또는 ''에서 찾을 수 없습니다. 디버그 정보가 없는 것처럼 개체를 링크합니다.
NewbieEngine.lib(NewbieBoxCollider2D.obj) : warning LNK4099: '' PDB를 'NewbieEngine.lib(NewbieBoxCollider2D.obj)' 또는 ''에서 찾을 수 없습니다. 디버그 정보가 없는 것처럼 개체를 링크합니다.
NewbieEngine.lib(NewbieMath.obj) : warning LNK4099: '' PDB를 'NewbieEngine.lib(NewbieMath.obj)' 또는 ''에서 찾을 수 없습니다. 디버그 정보가 없는 것처럼 개체를 링크합니다.
NewbieEngine.lib(NewbieInput.obj) : warning LNK4099: '' PDB를 'NewbieEngine.lib(NewbieInput.obj)' 또는 ''에서 찾을 수 없습니다. 디버그 정보가 없는 것처럼 개체를 링크합니다.
NewbieEngine.lib(NewbieRenderer.obj) : warning LNK4099: '' PDB를 'NewbieEngine.lib(NewbieRenderer.obj)' 또는 ''에서 찾을 수 없습니다. 디버그 정보가 없는 것처럼 개체를 링크합니다.
NewbieEngine.lib(NewbieScript.obj) : warning LNK4099: '' PDB를 'NewbieEngine.lib(NewbieScript.obj)' 또는 ''에서 찾을 수 없습니다. 디버그 정보가 없는 것처럼 개체를 링크합니다.
NewbieEngine.lib(NewbieTime.obj) : warning LNK4099: '' PDB를 'NewbieEngine.lib(NewbieTime.obj)' 또는 ''에서 찾을 수 없습니다. 디버그 정보가 없는 것처럼 개체를 링크합니다.
NewbieEngine.lib(NewbieResource.obj) : warning LNK4099: '' PDB를 'NewbieEngine.lib(NewbieResource.obj)' 또는 ''에서 찾을 수 없습니다. 디버그 정보가 없는 것처럼 개체를 링크합니다.
NewbieEngine.lib(NewbieTransform.obj) : warning LNK4099: '' PDB를 'NewbieEngine.lib(NewbieTransform.obj)' 또는 ''에서 찾을 수 없습니다. 디버그 정보가 없는 것처럼 개체를 링크합니다.
NewbieEngine.lib(Entity.obj) : warning LNK4099: '' PDB를 'NewbieEngine.lib(Entity.obj)' 또는 ''에서 찾을 수 없습니다. 디버그 정보가 없는 것처럼 개체를 링크합니다.
NewbieEngine.lib(NewbieComponent.obj) : warning LNK4099: '' PDB를 'NewbieEngine.lib(NewbieComponent.obj)' 또는 ''에서 찾을 수 없습니다. 디버그 정보가 없는 것처럼 개체를 링크합니다.
NewbieEngine.lib(NewbieAnimation.obj) : warning LNK4099: '' PDB를 'NewbieEngine.lib(NewbieAnimation.obj)' 또는 ''에서 찾을 수 없습니다. 디버그 정보가 없는 것처럼 개체를 링크합니다.
NewbieEngine.lib(NewbieCollider.obj) : warning LNK4099: '' PDB를 'NewbieEngine.lib(NewbieCollider.obj)' 또는 ''에서 찾을 수 없습니다. 디버그 정보가 없는 것처럼 개체를 링크합니다.
NewbieEngine_Window.lib(NewbiePlayScene.obj) : error LNK2019: "public: static void __cdecl newbie::ColliderManager::CollisionLayerCheck(enum newbie::enums::eLayerType,enum newbie::enums::eLayerType,bool)" (?CollisionLayerCheck@ColliderManager@newbie@@SAXW4eLayerType@enums@2@0_N@Z)"public: virtual void __cdecl newbie::PlayScene::Initialize(void)" (?Initialize@PlayScene@newbie@@UEAAXXZ) 함수에서 참조되는 확인할 수 없는 외부 기호
NewbieEngine_Window.lib(NewbieCatScript.obj) : error LNK2001: 확인할 수 없는 외부 기호 "public: virtual void __cdecl newbie::Script::OnCollisionEnter(class newbie::Collider *)" (?OnCollisionEnter@Script@newbie@@UEAAXPEAVCollider@2@@Z)
NewbieEngine_Window.lib(NewbieCatScript.obj) : error LNK2001: 확인할 수 없는 외부 기호 "public: virtual void __cdecl newbie::Script::OnCollisionStay(class newbie::Collider *)" (?OnCollisionStay@Script@newbie@@UEAAXPEAVCollider@2@@Z)
NewbieEngine_Window.lib(NewbieCatScript.obj) : error LNK2001: 확인할 수 없는 외부 기호 "public: virtual void __cdecl newbie::Script::OnCollisionExit(class newbie::Collider *)" (?OnCollisionExit@Script@newbie@@UEAAXPEAVCollider@2@@Z)
C:\Users\slugg\Documents\GitHub\CPP2409-P\MakeEngine\x64\Debug\MakeEngine.exe : fatal error LNK1120: 4개의 확인할 수 없는 외부 참조입니다.
