c:\users\slugg\documents\github\cpp2409-p\makeengine\x64\debug\vc143.pdb
c:\users\slugg\documents\github\cpp2409-p\makeengine\x64\debug\vc143.idb
c:\users\slugg\documents\github\cpp2409-p\makeengine\x64\debug\main.obj
c:\users\slugg\documents\github\cpp2409-p\makeengine\x64\debug\makeengine.res
c:\users\slugg\documents\github\cpp2409-p\makeengine\x64\debug\newbieengine_window.idb
c:\users\slugg\documents\github\cpp2409-p\makeengine\x64\debug\makeengine.pdb
c:\users\slugg\documents\github\cpp2409-p\makeengine\x64\debug\newbieengine_window.pdb
c:\users\slugg\documents\github\cpp2409-p\makeengine\x64\debug\makeengine.tlog\cl.command.1.tlog
c:\users\slugg\documents\github\cpp2409-p\makeengine\x64\debug\makeengine.tlog\cl.read.1.tlog
c:\users\slugg\documents\github\cpp2409-p\makeengine\x64\debug\makeengine.tlog\cl.write.1.tlog
c:\users\slugg\documents\github\cpp2409-p\makeengine\x64\debug\makeengine.tlog\link-cvtres.read.1.tlog
c:\users\slugg\documents\github\cpp2409-p\makeengine\x64\debug\makeengine.tlog\link-cvtres.write.1.tlog
c:\users\slugg\documents\github\cpp2409-p\makeengine\x64\debug\makeengine.tlog\link-rc.read.1.tlog
c:\users\slugg\documents\github\cpp2409-p\makeengine\x64\debug\makeengine.tlog\link-rc.write.1.tlog
c:\users\slugg\documents\github\cpp2409-p\makeengine\x64\debug\makeengine.tlog\link.command.1.tlog
c:\users\slugg\documents\github\cpp2409-p\makeengine\x64\debug\makeengine.tlog\link.read.1.tlog
c:\users\slugg\documents\github\cpp2409-p\makeengine\x64\debug\makeengine.tlog\link.read.2.tlog
c:\users\slugg\documents\github\cpp2409-p\makeengine\x64\debug\makeengine.tlog\link.write.1.tlog
c:\users\slugg\documents\github\cpp2409-p\makeengine\x64\debug\makeengine.tlog\rc.command.1.tlog
c:\users\slugg\documents\github\cpp2409-p\makeengine\x64\debug\makeengine.tlog\rc.read.1.tlog
c:\users\slugg\documents\github\cpp2409-p\makeengine\x64\debug\makeengine.tlog\rc.write.1.tlog
